     1                                  ; hailongqiu
     2                                  ; 356752238@qq.com
     3                                  ;
     4                                  ;
     5                                  ;
     6                                  
     7                                      BITS 16 ; 实模式
     8                                      org 0x7c00
     9 00000000 EB39                        jmp bootloader_start
    10 00000002 90                          nop
    11                                  ; FAT-12 bpb等头信息才能被识别. 
    12 00000003 44454550494E            oem_name     db "DEEPIN" ; 厂商名
    13 00000009 0002                    byte_per_sec dw 0x200 ; 每扇区字节数 512 (必须为 512)
    14 0000000B 01                      sec_per_clus db 0x1   ; 每簇扇区数 (必须为1扇区)
    15 0000000C 0100                    rsvd_sec_cnt dw 0x1   ; Boot记录占用多少扇区 FAT的起始位置 （一般从第一个扇区开始) 
    16 0000000E 02                      num_fats     db 0x2   ; 共有多少FAT表 (必须为2)
    17 0000000F E000                    root_ent_cnt dw 0xE0  ; 224 根目录大小 (一般是224)
    18 00000011 400B                    tot_sec16    dw 0xB40 ; 2880 扇区总数 (必须是2880扇区)
    19 00000013 F0                      media_type   db 0xF0  ; 介质描述符 (磁盘的种类, 必须是 0xf0)
    20 00000014 0900                    fat_sz16     dw 0x9   ; FAT的长度 每FAT扇区数 (必须是9扇区)
    21 00000016 1200                    sec_per_trk  dw 0x12  ; 18 每磁道扇区数 (一个磁道有几个扇区, 必须是18)
    22 00000018 0200                    num_heads    dw 0x2   ; 磁头数(面数) (必须是2)
    23 0000001A 00000000                hidd_sec     dd 0x0   ; 隐藏扇区数 (不是用分区,必须为0）
    24 0000001E 400B0000                tot_sec32    dd 0xB40 ; 如果BPB_TotSec16是0，由这个值记录扇区数 (重写一次磁盘大小)
    25 00000022 00                      drv_num      db 0x0   ; 中断13的驱动器号
    26 00000023 00                      reservedl    db 0x0   ; 未使用
    27 00000024 29                      boot_sig     db 0x29  ; 扩展引导标记 (29h) 
    28 00000025 00000000                vol_id       dd 0x0   ; 卷序列号
    29 00000029 4E4F4C4F5320202020-     vol_label    db "NOLOS     " ;  卷标, 必须 11 个字节, 磁盘名称 
    30 00000032 20                 
    31 00000033 4641543132202020        file_system_type    db "FAT12   " ; 文件系统类型
    32                                  ; 引导代码.
    33                                  bootloader_start:
    34                                      ; 初始化 ss 栈段寄存器.
    35 0000003B B80000                      mov ax, 0
    36 0000003E 8ED0                        mov ss, ax
    37 00000040 BC007C                      mov sp, 0x7c00 ; 栈的生长方向, 从高地址向低地址.
    38 00000043 8ED8                        mov ds, ax
    39                                      ; 读取盘.
    40 00000045 B82008                      mov ax, 0x0820
    41 00000048 8EC0                        mov es, ax
    42 0000004A B500                        mov ch, 0 ; 柱面 0
    43 0000004C B600                        mov dh, 0 ; 磁头 0 
    44 0000004E B102                        mov cl, 2 ; 扇区 2
    45                                  readloop:
    46 00000050 BE0000                      mov si, 0
    47                                  retry:
    48 00000053 B402                        mov ah, 0x2 ; 读盘
    49 00000055 B001                        mov al, 1 ; 处理的扇区数
    50 00000057 BB0000                      mov bx, 0
    51 0000005A B200                        mov dl, 0x00 ; 驱动号
    52 0000005C CD13                        int 0x13
    53 0000005E 7310                        jnc next
    54                                  
    55 00000060 83C601                      add si, 1
    56 00000063 83FE05                      cmp si, 5
    57 00000066 7335                        jae error ; si >= 5
    58 00000068 B400                        mov ah, 0x00
    59 0000006A B200                        mov dl, 0x00
    60 0000006C CD13                        int 0x13
    61 0000006E EBE3                        jmp retry
    62                                  
    63                                  next:
    64 00000070 8CC0                        mov ax, es 
    65 00000072 83C020                      add ax, 0x0020
    66 00000075 8EC0                        mov es, ax
    67 00000077 80C101                      add cl, 1
    68 0000007A 80F912                      cmp cl, 18
    69 0000007D 76D1                        jbe readloop
    70 0000007F B101                        mov cl, 1
    71 00000081 80C601                      add dh, 1
    72 00000084 80FE02                      cmp dh, 2
    73 00000087 72C7                        jb readloop
    74 00000089 B600                        mov dh, 0
    75 0000008B 80C501                      add ch, 1
    76 0000008E 80FD0A                      cmp ch, CYLS
    77 00000091 72BD                        jb readloop
    78                                  
    79 00000093 882EF00F                    mov [0x0ff0], ch
    80 00000097 E9(00C2)                    jmp 0xc200
    81                                      ;jmp error
    82                                  fin:
    83 0000009A F4                          hlt
    84 0000009B EBFD                        jmp fin
    85                                  error:
    86 0000009D BE[B200]                    mov si, msg
    87                                  loop_str:
    88 000000A0 8A04                        mov al, [si]
    89 000000A2 83C601                      add si, 1
    90 000000A5 3C00                        cmp al, 0
    91 000000A7 74F1                        je fin ; 
    92 000000A9 B40E                        mov ah, 0x0e
    93 000000AB BB0F00                      mov bx, 15
    94 000000AE CD10                        int 0x10
    95 000000B0 EBEE                        jmp loop_str
    96                                  
    97                                  msg:
    98 000000B2 0A0A                        db 0x0a, 0x0a
    99 000000B4 6C6F6164206572726F-         db "load error..."
   100 000000BD 722E2E2E           
   101 000000C1 0A                          db 0x0a
   102 000000C2 00                          db 0
   103                                  CYLS equ  10 ; 常量
   104                                      ;
   105 000000C3 00<rept>                    times 510 - ($ - $$) db 0
   106 000001FE 55AA                        dw 0xAA55
   107                                  
